2022-12-28 07:44:55,737 DEBUG    root            Loaded Command Group: ['gcloud', 'config']
2022-12-28 07:44:55,744 DEBUG    root            Loaded Command Group: ['gcloud', 'config', 'config_helper']
2022-12-28 07:44:55,766 DEBUG    root            Running [gcloud.config.config-helper] with arguments: [--format: "json", --quiet: "True", --verbosity: "warning"]
2022-12-28 07:44:55,807 DEBUG    google.auth.transport.requests Making request: GET http://metadata.google.internal/computeMetadata/v1/instance/service-accounts/simon.nguyen773@gmail.com/?recursive=true
2022-12-28 07:44:55,819 DEBUG    urllib3.connectionpool Starting new HTTP connection (1): metadata.google.internal:80
2022-12-28 07:44:55,837 DEBUG    urllib3.connectionpool http://metadata.google.internal:80 "GET /computeMetadata/v1/instance/service-accounts/simon.nguyen773@gmail.com/?recursive=true HTTP/1.1" 200 None
2022-12-28 07:44:55,847 DEBUG    google.auth.transport.requests Making request: GET http://metadata.google.internal/computeMetadata/v1/instance/service-accounts/simon.nguyen773@gmail.com/token
2022-12-28 07:44:55,862 DEBUG    urllib3.connectionpool Resetting dropped connection: metadata.google.internal
2022-12-28 07:44:55,886 DEBUG    urllib3.connectionpool http://metadata.google.internal:80 "GET /computeMetadata/v1/instance/service-accounts/simon.nguyen773@gmail.com/token HTTP/1.1" 200 None
2022-12-28 07:44:55,989 INFO     root            Display format: "default json"
2022-12-28 07:44:55,991 INFO     ___FILE_ONLY___ {
  "configuration": {
    "active_configuration": "default",
    "properties": {
      "accessibility": {
        "screen_reader": "True"
      },
      "component_manager": {
        "disable_update_check": "True"
      },
      "compute": {
        "gce_metadata_read_timeout_sec": "30"
      },
      "core": {
        "account": "simon.nguyen773@gmail.com",
        "disable_prompts": "True",
        "disable_usage_reporting": "True",
        "print_unhandled_tracebacks": "true",
        "verbosity": "warning"
      },
      "metrics": {
        "environment": "cloudcode.vscode",
        "environment_version": "1.20.2"
      }
    }
  },
  "credential": {
    "access_token": "ya29.a0AX9GBdXWprufrnhq4uj1pexVFhUWB_mVC_D9ZaV61jxc_cXGNQI_lHy4TBqp_gTgjBKUc03zNCT-VYrOCp0GLthh8hxKC2-mE8mOuyhBrGN08KFOx-AXI3yE94KpTbhkyR7_V5GVdLk7NPqk7E0i3NtG9eYH4wQdXikM_WWc33GZc8Dd4xthqqgZZvTxGEm_HaVKCy4WavHh3391tp2c1CEq66O2iPYg_c-XhAaCgYKAdASARMSFQHUCsbC-UuHlI6hqaP3aSVmfjFkAA0237",
    "id_token": "eyJhbGciOiJSUzI1NiIsImtpZCI6IjAyYTYxZWZkMmE0NGZjMjE1MTQ4ZDRlZmZjMzRkNmE3YjJhYzI2ZjAiLCJ0eXAiOiJKV1QifQ.eyJpc3MiOiJhY2NvdW50cy5nb29nbGUuY29tIiwiYXpwIjoiNjE4MTA0NzA4MDU0LTlyOXMxYzRhbGczNmVybGl1Y2hvOXQ1Mm4zMm42ZGdxLmFwcHMuZ29vZ2xldXNlcmNvbnRlbnQuY29tIiwiYXVkIjoiNjE4MTA0NzA4MDU0LTlyOXMxYzRhbGczNmVybGl1Y2hvOXQ1Mm4zMm42ZGdxLmFwcHMuZ29vZ2xldXNlcmNvbnRlbnQuY29tIiwic3ViIjoiMTAyODk3MjA3NjY4NjU4MjcyMDgwIiwiZW1haWwiOiJzaW1vbi5uZ3V5ZW43NzNAZ21haWwuY29tIiwiZW1haWxfdmVyaWZpZWQiOnRydWUsImF0X2hhc2giOiJmcTlTb2RlSGhnXzNpcmktb2VHRll3IiwiaWF0IjoxNjcyMjEyODk4LCJleHAiOjE2NzIyMTY0OTgsImp0aSI6IjBhM2FmYzE5YjQwMDAyYTdhNDQ2M2MyNjQxYzFmY2E3NmUxZDJhOTEifQ.qUkjSXs5TYcaXsAH5nfHmbqcWpmwTbba3FcW8RDfnuxKOBU0rx1pMSJQrjQhBBvpJB9R4VcPQA5oxUOjRfQbpQa40gM_w7vFBUlWOmyUABOYfR9P3MIaEaidBWfdOnpehOwh_CclJ_U2uquphq1BSwLv_zXoIZS8_IrkGGto3x9EppzQ44qvs2_PYo6aoE41HzeO0Z7ZHg_7b--ol0d16lNXDaT0VT-FMGBdn-pIv8H6PB9shEpnMM69HZ01O-KyIYa8Z3Om7W-sly3T6FlmiOBNnOSn8enzRd8F3EX6ZeC_o4ZPRmDNHYxczNCDF0tjAlSZ2dDO9MR8hFoPHfl9Aw",
    "token_expiry": "2022-12-28T08:34:56Z"
  },
  "sentinels": {
    "config_sentinel": "/home/simon_nguyen773/.config/gcloud/config_sentinel"
  }
}
2022-12-28 07:44:56,015 INFO     ___FILE_ONLY___ 

2022-12-28 07:44:56,017 DEBUG    root            SDK update checks are disabled.
